<?xml version="1.0" encoding="UTF-8"?>
<!-- Generated by org.testng.reporters.JUnitReportReporter -->
<testsuite hostname="Shikha-PC" failures="0" tests="30" name="api.tests.DDTest" time="43.945" errors="0" timestamp="2023-08-01T18:08:30 AEST" skipped="0">
  <testcase classname="api.tests.DDTest" name="testPostUser" time="1.533"/>
  <testcase classname="api.tests.DDTest" name="testPostUser" time="1.371"/>
  <testcase classname="api.tests.DDTest" name="testPostUser" time="1.432"/>
  <testcase classname="api.tests.DDTest" name="testPostUser" time="1.432"/>
  <testcase classname="api.tests.DDTest" name="testPostUser" time="1.347"/>
  <testcase classname="api.tests.DDTest" name="testPostUser" time="1.451"/>
  <testcase classname="api.tests.DDTest" name="testPostUser" time="1.320"/>
  <testcase classname="api.tests.DDTest" name="testPostUser" time="1.485"/>
  <testcase classname="api.tests.DDTest" name="testPostUser" time="1.511"/>
  <testcase classname="api.tests.DDTest" name="testPostUser" time="1.367"/>
  <testcase classname="api.tests.DDTest" name="testReadUserByName" time="1.499"/>
  <testcase classname="api.tests.DDTest" name="testReadUserByName" time="1.495"/>
  <testcase classname="api.tests.DDTest" name="testReadUserByName" time="1.852"/>
  <testcase classname="api.tests.DDTest" name="testReadUserByName" time="1.778"/>
  <testcase classname="api.tests.DDTest" name="testReadUserByName" time="1.764"/>
  <testcase classname="api.tests.DDTest" name="testReadUserByName" time="1.431"/>
  <testcase classname="api.tests.DDTest" name="testReadUserByName" time="1.430"/>
  <testcase classname="api.tests.DDTest" name="testReadUserByName" time="1.422"/>
  <testcase classname="api.tests.DDTest" name="testReadUserByName" time="1.739"/>
  <testcase classname="api.tests.DDTest" name="testReadUserByName" time="1.162"/>
  <testcase classname="api.tests.DDTest" name="testDeleteUserByName" time="1.451"/>
  <testcase classname="api.tests.DDTest" name="testDeleteUserByName" time="1.329"/>
  <testcase classname="api.tests.DDTest" name="testDeleteUserByName" time="1.432"/>
  <testcase classname="api.tests.DDTest" name="testDeleteUserByName" time="1.407"/>
  <testcase classname="api.tests.DDTest" name="testDeleteUserByName" time="1.431"/>
  <testcase classname="api.tests.DDTest" name="testDeleteUserByName" time="1.534"/>
  <testcase classname="api.tests.DDTest" name="testDeleteUserByName" time="1.431"/>
  <testcase classname="api.tests.DDTest" name="testDeleteUserByName" time="1.536"/>
  <testcase classname="api.tests.DDTest" name="testDeleteUserByName" time="1.153"/>
  <testcase classname="api.tests.DDTest" name="testDeleteUserByName" time="1.420"/>
</testsuite> <!-- api.tests.DDTest -->
