<?xml version="1.0" encoding="UTF-8"?>
<!-- Generated by org.testng.reporters.JUnitReportReporter -->
<testsuite hostname="Shikha-PC" failures="0" tests="4" name="api.tests.UserTests" time="7.025" errors="0" timestamp="2023-08-02T11:03:29 AEST" skipped="0">
  <testcase classname="api.tests.UserTests" name="testPostUser" time="2.384"/>
  <testcase classname="api.tests.UserTests" name="testGetUserByName" time="1.167"/>
  <testcase classname="api.tests.UserTests" name="testUpdateUserByName" time="2.308"/>
  <testcase classname="api.tests.UserTests" name="testDeleteUserByName" time="1.166"/>
</testsuite> <!-- api.tests.UserTests -->
