<?xml version="1.0" encoding="UTF-8"?>
<!-- Generated by org.testng.reporters.JUnitReportReporter -->
<testsuite hostname="Shikha-PC" failures="0" tests="4" name="api.tests.UserTests2" time="9.059" errors="0" timestamp="2023-08-02T11:40:56 AEST" skipped="0">
  <testcase classname="api.tests.UserTests2" name="testPostUser" time="3.223"/>
  <testcase classname="api.tests.UserTests2" name="testGetUserByName" time="1.489"/>
  <testcase classname="api.tests.UserTests2" name="testUpdateUserByName" time="2.809"/>
  <testcase classname="api.tests.UserTests2" name="testDeleteUserByName" time="1.538"/>
</testsuite> <!-- api.tests.UserTests2 -->
